[debug] [2025-11-16T00:57:27.178Z] ----------------------------------------------------------------------
[debug] [2025-11-16T00:57:27.184Z] Command:       /opt/homebrew/Cellar/node/24.2.0/bin/node /opt/homebrew/bin/firebase deploy --only functions:tools
[debug] [2025-11-16T00:57:27.184Z] CLI Version:   14.25.0
[debug] [2025-11-16T00:57:27.184Z] Platform:      darwin
[debug] [2025-11-16T00:57:27.184Z] Node Version:  v24.2.0
[debug] [2025-11-16T00:57:27.184Z] Time:          Sun Nov 16 2025 02:57:27 GMT+0200 (Osteuropäische Normalzeit)
[debug] [2025-11-16T00:57:27.184Z] ----------------------------------------------------------------------
[debug] 
[debug] [2025-11-16T00:57:27.269Z] > command requires scopes: ["email","openid","https://www.googleapis.com/auth/cloudplatformprojects.readonly","https://www.googleapis.com/auth/firebase","https://www.googleapis.com/auth/cloud-platform"]
[debug] [2025-11-16T00:57:27.269Z] > authorizing via signed-in user (glenn.skrzypczak@gmail.com)
[debug] [2025-11-16T00:57:27.269Z] [iam] checking project junction2025-21668 for permissions ["cloudfunctions.functions.create","cloudfunctions.functions.delete","cloudfunctions.functions.get","cloudfunctions.functions.list","cloudfunctions.functions.update","cloudfunctions.operations.get","firebase.projects.get"]
[debug] [2025-11-16T00:57:27.270Z] Checked if tokens are valid: true, expires at: 1763257347699
[debug] [2025-11-16T00:57:27.270Z] Checked if tokens are valid: true, expires at: 1763257347699
[debug] [2025-11-16T00:57:27.270Z] >>> [apiv2][query] POST https://cloudresourcemanager.googleapis.com/v1/projects/junction2025-21668:testIamPermissions [none]
[debug] [2025-11-16T00:57:27.271Z] >>> [apiv2][(partial)header] POST https://cloudresourcemanager.googleapis.com/v1/projects/junction2025-21668:testIamPermissions x-goog-quota-user=projects/junction2025-21668
[debug] [2025-11-16T00:57:27.271Z] >>> [apiv2][body] POST https://cloudresourcemanager.googleapis.com/v1/projects/junction2025-21668:testIamPermissions {"permissions":["cloudfunctions.functions.create","cloudfunctions.functions.delete","cloudfunctions.functions.get","cloudfunctions.functions.list","cloudfunctions.functions.update","cloudfunctions.operations.get","firebase.projects.get"]}
[debug] [2025-11-16T00:57:28.076Z] <<< [apiv2][status] POST https://cloudresourcemanager.googleapis.com/v1/projects/junction2025-21668:testIamPermissions 200
[debug] [2025-11-16T00:57:28.076Z] <<< [apiv2][body] POST https://cloudresourcemanager.googleapis.com/v1/projects/junction2025-21668:testIamPermissions {"permissions":["cloudfunctions.functions.create","cloudfunctions.functions.delete","cloudfunctions.functions.get","cloudfunctions.functions.list","cloudfunctions.functions.update","cloudfunctions.operations.get","firebase.projects.get"]}
[debug] [2025-11-16T00:57:28.077Z] Checked if tokens are valid: true, expires at: 1763257347699
[debug] [2025-11-16T00:57:28.077Z] Checked if tokens are valid: true, expires at: 1763257347699
[debug] [2025-11-16T00:57:28.077Z] >>> [apiv2][query] POST https://iam.googleapis.com/v1/projects/junction2025-21668/serviceAccounts/junction2025-21668@appspot.gserviceaccount.com:testIamPermissions [none]
[debug] [2025-11-16T00:57:28.077Z] >>> [apiv2][body] POST https://iam.googleapis.com/v1/projects/junction2025-21668/serviceAccounts/junction2025-21668@appspot.gserviceaccount.com:testIamPermissions {"permissions":["iam.serviceAccounts.actAs"]}
[debug] [2025-11-16T00:57:28.835Z] <<< [apiv2][status] POST https://iam.googleapis.com/v1/projects/junction2025-21668/serviceAccounts/junction2025-21668@appspot.gserviceaccount.com:testIamPermissions 200
[debug] [2025-11-16T00:57:28.836Z] <<< [apiv2][body] POST https://iam.googleapis.com/v1/projects/junction2025-21668/serviceAccounts/junction2025-21668@appspot.gserviceaccount.com:testIamPermissions {"permissions":["iam.serviceAccounts.actAs"]}
[info] 
[info] === Deploying to 'junction2025-21668'...
[info] 
[info] i  deploying functions 
[info] Running command: npm --prefix "$RESOURCE_DIR" run build
[info] ✔  functions: Finished running predeploy script. 
[debug] [2025-11-16T00:57:33.267Z] Checked if tokens are valid: true, expires at: 1763257347699
[debug] [2025-11-16T00:57:33.267Z] Checked if tokens are valid: true, expires at: 1763257347699
[debug] [2025-11-16T00:57:33.267Z] >>> [apiv2][query] GET https://cloudresourcemanager.googleapis.com/v1/projects/junction2025-21668 [none]
[debug] [2025-11-16T00:57:34.165Z] <<< [apiv2][status] GET https://cloudresourcemanager.googleapis.com/v1/projects/junction2025-21668 200
[debug] [2025-11-16T00:57:34.166Z] <<< [apiv2][body] GET https://cloudresourcemanager.googleapis.com/v1/projects/junction2025-21668 {"projectNumber":"468178422020","projectId":"junction2025-21668","lifecycleState":"ACTIVE","name":"junction2025","labels":{"firebase":"enabled","firebase-core":"disabled"},"createTime":"2025-11-14T15:37:05.885874Z"}
[info] i  functions: preparing codebase default for deployment 
[info] i  functions: ensuring required API cloudfunctions.googleapis.com is enabled... 
[info] i  functions: ensuring required API cloudbuild.googleapis.com is enabled... 
[info] i  artifactregistry: ensuring required API artifactregistry.googleapis.com is enabled... 
[debug] [2025-11-16T00:57:34.170Z] Checked if tokens are valid: true, expires at: 1763257347699
[debug] [2025-11-16T00:57:34.170Z] Checked if tokens are valid: true, expires at: 1763257347699
[debug] [2025-11-16T00:57:34.170Z] >>> [apiv2][query] GET https://firebase.googleapis.com/v1beta1/projects/junction2025-21668/adminSdkConfig [none]
[debug] [2025-11-16T00:57:34.615Z] <<< [apiv2][status] GET https://firebase.googleapis.com/v1beta1/projects/junction2025-21668/adminSdkConfig 200
[debug] [2025-11-16T00:57:34.615Z] <<< [apiv2][body] GET https://firebase.googleapis.com/v1beta1/projects/junction2025-21668/adminSdkConfig {"projectId":"junction2025-21668","storageBucket":"junction2025-21668.firebasestorage.app"}
[debug] [2025-11-16T00:57:34.617Z] Validating nodejs source
[warn] ⚠  functions: package.json indicates an outdated version of firebase-functions. Please upgrade using npm install --save firebase-functions@latest in your functions directory. 
[warn] ⚠  functions: Please note that there will be breaking changes when you upgrade. 
[debug] [2025-11-16T00:57:36.195Z] > [functions] package.json contents: {
  "name": "functions",
  "scripts": {
    "build": "tsc",
    "build:watch": "tsc --watch",
    "serve": "npm run build && firebase emulators:start --only functions",
    "shell": "npm run build && firebase functions:shell",
    "start": "npm run shell",
    "deploy": "firebase deploy --only functions",
    "logs": "firebase functions:log"
  },
  "engines": {
    "node": "22"
  },
  "main": "lib/index.js",
  "dependencies": {
    "@google/genai": "^1.29.1",
    "@vapi-ai/server-sdk": "^0.10.2",
    "firebase-admin": "^12.6.0",
    "firebase-functions": "^6.0.1",
    "zod": "^4.1.12"
  },
  "devDependencies": {
    "firebase-functions-test": "^3.1.0",
    "typescript": "^5.7.3"
  },
  "private": true
}
[debug] [2025-11-16T00:57:36.195Z] Building nodejs source
[info] i  functions: Loading and analyzing source code for codebase default to determine what to deploy 
[debug] [2025-11-16T00:57:36.200Z] Could not find functions.yaml. Must use http discovery
[debug] [2025-11-16T00:57:36.207Z] Found firebase-functions binary at '/Users/glenn/Documents/GitHub/junction-wsg2025/functions/node_modules/.bin/firebase-functions'
[info] Serving at port 8780

[error] {"severity":"WARNING","message":"params.VAPI_API_KEY.value() invoked during function deployment, instead of during runtime."}

[error] {"severity":"WARNING","message":"This is usually a mistake. In configs, use Params directly without calling .value()."}
{"severity":"WARNING","message":"example: { memory: memoryParam } not { memory: memoryParam.value() }"}

[error] {"severity":"WARNING","message":"params.GOOGLE_GEMINI_KEY.value() invoked during function deployment, instead of during runtime."}
{"severity":"WARNING","message":"This is usually a mistake. In configs, use Params directly without calling .value()."}

[error] {"severity":"WARNING","message":"example: { memory: memoryParam } not { memory: memoryParam.value() }"}

[debug] [2025-11-16T00:57:36.719Z] Got response from /__/functions.yaml {"endpoints":{"helloWorld":{"availableMemoryMb":null,"timeoutSeconds":null,"minInstances":null,"maxInstances":10,"ingressSettings":null,"concurrency":null,"serviceAccountEmail":null,"vpc":null,"platform":"gcfv2","labels":{},"httpsTrigger":{},"entryPoint":"helloWorld"},"tools":{"availableMemoryMb":null,"timeoutSeconds":null,"minInstances":null,"maxInstances":10,"ingressSettings":null,"concurrency":null,"serviceAccountEmail":null,"vpc":null,"platform":"gcfv2","labels":{},"httpsTrigger":{},"entryPoint":"tools"}},"specVersion":"v1alpha1","requiredAPIs":[],"extensions":{},"params":[{"name":"VAPI_API_KEY","type":"string"},{"name":"GOOGLE_MAPS_KEY","type":"string"},{"name":"GOOGLE_GEMINI_KEY","type":"string"}]}
[info] i  extensions: ensuring required API firebaseextensions.googleapis.com is enabled... 
[debug] [2025-11-16T00:57:40.744Z] > command requires scopes: ["email","openid","https://www.googleapis.com/auth/cloudplatformprojects.readonly","https://www.googleapis.com/auth/firebase","https://www.googleapis.com/auth/cloud-platform"]
[debug] [2025-11-16T00:57:40.744Z] > authorizing via signed-in user (glenn.skrzypczak@gmail.com)
[debug] [2025-11-16T00:57:40.744Z] [iam] checking project junction2025-21668 for permissions ["firebase.projects.get","firebaseextensions.instances.list"]
[debug] [2025-11-16T00:57:40.744Z] Checked if tokens are valid: true, expires at: 1763257347699
[debug] [2025-11-16T00:57:40.744Z] Checked if tokens are valid: true, expires at: 1763257347699
[debug] [2025-11-16T00:57:40.745Z] >>> [apiv2][query] POST https://cloudresourcemanager.googleapis.com/v1/projects/junction2025-21668:testIamPermissions [none]
[debug] [2025-11-16T00:57:40.745Z] >>> [apiv2][(partial)header] POST https://cloudresourcemanager.googleapis.com/v1/projects/junction2025-21668:testIamPermissions x-goog-quota-user=projects/junction2025-21668
[debug] [2025-11-16T00:57:40.745Z] >>> [apiv2][body] POST https://cloudresourcemanager.googleapis.com/v1/projects/junction2025-21668:testIamPermissions {"permissions":["firebase.projects.get","firebaseextensions.instances.list"]}
[debug] [2025-11-16T00:57:41.502Z] <<< [apiv2][status] POST https://cloudresourcemanager.googleapis.com/v1/projects/junction2025-21668:testIamPermissions 200
[debug] [2025-11-16T00:57:41.503Z] <<< [apiv2][body] POST https://cloudresourcemanager.googleapis.com/v1/projects/junction2025-21668:testIamPermissions {"permissions":["firebase.projects.get","firebaseextensions.instances.list"]}
[debug] [2025-11-16T00:57:41.503Z] Checked if tokens are valid: true, expires at: 1763257347699
[debug] [2025-11-16T00:57:41.504Z] Checked if tokens are valid: true, expires at: 1763257347699
[debug] [2025-11-16T00:57:41.504Z] >>> [apiv2][query] GET https://firebaseextensions.googleapis.com/v1beta/projects/junction2025-21668/instances pageSize=100&pageToken=
[debug] [2025-11-16T00:57:42.459Z] <<< [apiv2][status] GET https://firebaseextensions.googleapis.com/v1beta/projects/junction2025-21668/instances 200
[debug] [2025-11-16T00:57:42.459Z] <<< [apiv2][body] GET https://firebaseextensions.googleapis.com/v1beta/projects/junction2025-21668/instances {}
[info] i  functions: Loaded environment variables from .env.junction2025-21668. 
[info] i  functions: preparing functions directory for uploading... 
[info] i  functions: packaged /Users/glenn/Documents/GitHub/junction-wsg2025/functions (84.4 KB) for uploading 
[debug] [2025-11-16T00:57:42.509Z] Checked if tokens are valid: true, expires at: 1763257347699
[debug] [2025-11-16T00:57:42.509Z] Checked if tokens are valid: true, expires at: 1763257347699
[debug] [2025-11-16T00:57:42.509Z] >>> [apiv2][query] GET https://cloudfunctions.googleapis.com/v1/projects/junction2025-21668/locations/-/functions [none]
[debug] [2025-11-16T00:57:43.263Z] <<< [apiv2][status] GET https://cloudfunctions.googleapis.com/v1/projects/junction2025-21668/locations/-/functions 200
[debug] [2025-11-16T00:57:43.263Z] <<< [apiv2][body] GET https://cloudfunctions.googleapis.com/v1/projects/junction2025-21668/locations/-/functions {}
[debug] [2025-11-16T00:57:43.264Z] Checked if tokens are valid: true, expires at: 1763257347699
[debug] [2025-11-16T00:57:43.264Z] Checked if tokens are valid: true, expires at: 1763257347699
[debug] [2025-11-16T00:57:43.264Z] >>> [apiv2][query] GET https://cloudfunctions.googleapis.com/v2/projects/junction2025-21668/locations/-/functions filter=environment%3D%22GEN_2%22
[debug] [2025-11-16T00:57:44.444Z] <<< [apiv2][status] GET https://cloudfunctions.googleapis.com/v2/projects/junction2025-21668/locations/-/functions 200
[debug] [2025-11-16T00:57:44.445Z] <<< [apiv2][body] GET https://cloudfunctions.googleapis.com/v2/projects/junction2025-21668/locations/-/functions {"functions":[{"name":"projects/junction2025-21668/locations/us-central1/functions/tools","buildConfig":{"build":"projects/468178422020/locations/us-central1/builds/c1d0f824-6c04-4eec-aa82-17583ee58ade","runtime":"nodejs22","entryPoint":"tools","source":{"storageSource":{"bucket":"gcf-v2-sources-468178422020-us-central1","object":"tools/function-source.zip","generation":"1763254127496312"}},"environmentVariables":{"GOOGLE_NODE_RUN_SCRIPTS":""},"dockerRepository":"projects/junction2025-21668/locations/us-central1/repositories/gcf-artifacts","sourceProvenance":{"resolvedStorageSource":{"bucket":"gcf-v2-sources-468178422020-us-central1","object":"tools/function-source.zip","generation":"1763254127496312"}},"dockerRegistry":"ARTIFACT_REGISTRY","serviceAccount":"projects/junction2025-21668/serviceAccounts/468178422020-compute@developer.gserviceaccount.com","automaticUpdatePolicy":{}},"serviceConfig":{"service":"projects/junction2025-21668/locations/us-central1/services/tools","timeoutSeconds":60,"environmentVariables":{"VAPI_API_KEY":"451ccb84-fcc2-424b-b64e-dc2ccf12c63b","GOOGLE_MAPS_KEY":"AIzaSyA1C57lsmhhDgcLSh-q8qVjr9X0UwhT2-Q","GOOGLE_GEMINI_KEY":"AIzaSyAwt9mYo6mCtW1TmRYLG9aYstT1Qicv5VE","FIREBASE_CONFIG":"{\"projectId\":\"junction2025-21668\",\"storageBucket\":\"junction2025-21668.firebasestorage.app\"}","GCLOUD_PROJECT":"junction2025-21668","EVENTARC_CLOUD_EVENT_SOURCE":"projects/junction2025-21668/locations/us-central1/services/tools","FUNCTION_TARGET":"tools","LOG_EXECUTION_ID":"true"},"maxInstanceCount":10,"ingressSettings":"ALLOW_ALL","uri":"https://tools-3avmwyjhaq-uc.a.run.app","serviceAccountEmail":"468178422020-compute@developer.gserviceaccount.com","availableMemory":"256Mi","allTrafficOnLatestRevision":true,"revision":"tools-00022-sed","maxInstanceRequestConcurrency":80,"availableCpu":"1"},"state":"ACTIVE","updateTime":"2025-11-16T00:51:05.546301307Z","labels":{"deployment-tool":"cli-firebase","firebase-functions-hash":"59839fe2a4dfbf9e32908a246c8422bc9923d819"},"environment":"GEN_2","url":"https://us-central1-junction2025-21668.cloudfunctions.net/tools","createTime":"2025-11-15T20:06:11.146547214Z","satisfiesPzi":true},{"name":"projects/junction2025-21668/locations/us-central1/functions/helloWorld","buildConfig":{"build":"projects/468178422020/locations/us-central1/builds/06659b46-14da-465a-b754-317d85ea34fb","runtime":"nodejs22","entryPoint":"helloWorld","source":{"storageSource":{"bucket":"gcf-v2-sources-468178422020-us-central1","object":"helloWorld/function-source.zip","generation":"1763253105207937"}},"environmentVariables":{"GOOGLE_NODE_RUN_SCRIPTS":""},"dockerRepository":"projects/junction2025-21668/locations/us-central1/repositories/gcf-artifacts","sourceProvenance":{"resolvedStorageSource":{"bucket":"gcf-v2-sources-468178422020-us-central1","object":"helloWorld/function-source.zip","generation":"1763253105207937"}},"dockerRegistry":"ARTIFACT_REGISTRY","serviceAccount":"projects/junction2025-21668/serviceAccounts/468178422020-compute@developer.gserviceaccount.com","automaticUpdatePolicy":{}},"serviceConfig":{"service":"projects/junction2025-21668/locations/us-central1/services/helloworld","timeoutSeconds":60,"environmentVariables":{"VAPI_API_KEY":"451ccb84-fcc2-424b-b64e-dc2ccf12c63b","GOOGLE_MAPS_KEY":"AIzaSyA1C57lsmhhDgcLSh-q8qVjr9X0UwhT2-Q","GOOGLE_GEMINI_KEY":"AIzaSyAwt9mYo6mCtW1TmRYLG9aYstT1Qicv5VE","FIREBASE_CONFIG":"{\"projectId\":\"junction2025-21668\",\"storageBucket\":\"junction2025-21668.firebasestorage.app\"}","GCLOUD_PROJECT":"junction2025-21668","EVENTARC_CLOUD_EVENT_SOURCE":"projects/junction2025-21668/locations/us-central1/services/helloWorld","FUNCTION_TARGET":"helloWorld","LOG_EXECUTION_ID":"true"},"maxInstanceCount":10,"ingressSettings":"ALLOW_ALL","uri":"https://helloworld-3avmwyjhaq-uc.a.run.app","serviceAccountEmail":"468178422020-compute@developer.gserviceaccount.com","availableMemory":"256Mi","allTrafficOnLatestRevision":true,"revision":"helloworld-00025-yij","maxInstanceRequestConcurrency":80,"availableCpu":"1"},"state":"ACTIVE","updateTime":"2025-11-16T00:32:55.773793929Z","labels":{"deployment-tool":"cli-firebase","firebase-functions-hash":"3fa7956bc4a6e492ef53a8a120d46aaf3a965f4d"},"environment":"GEN_2","url":"https://us-central1-junction2025-21668.cloudfunctions.net/helloWorld","createTime":"2025-11-15T17:36:00.253995527Z","satisfiesPzi":true},{"name":"projects/junction2025-21668/locations/us-central1/functions/sendPushNotification","buildConfig":{"build":"projects/468178422020/locations/us-central1/builds/a0679acb-d1a8-4535-b269-df7fbc0b1cf8","runtime":"nodejs22","entryPoint":"sendPushNotification","source":{"storageSource":{"bucket":"gcf-v2-sources-468178422020-us-central1","object":"sendPushNotification/function-source.zip","generation":"1763253739844243"}},"environmentVariables":{"GOOGLE_NODE_RUN_SCRIPTS":""},"dockerRepository":"projects/junction2025-21668/locations/us-central1/repositories/gcf-artifacts","sourceProvenance":{"resolvedStorageSource":{"bucket":"gcf-v2-sources-468178422020-us-central1","object":"sendPushNotification/function-source.zip","generation":"1763253739844243"}},"dockerRegistry":"ARTIFACT_REGISTRY","serviceAccount":"projects/junction2025-21668/serviceAccounts/468178422020-compute@developer.gserviceaccount.com","automaticUpdatePolicy":{}},"serviceConfig":{"service":"projects/junction2025-21668/locations/us-central1/services/sendpushnotification","timeoutSeconds":60,"environmentVariables":{"VAPI_API_KEY":"451ccb84-fcc2-424b-b64e-dc2ccf12c63b","GOOGLE_MAPS_KEY":"AIzaSyA1C57lsmhhDgcLSh-q8qVjr9X0UwhT2-Q","GOOGLE_GEMINI_KEY":"AIzaSyAwt9mYo6mCtW1TmRYLG9aYstT1Qicv5VE","FIREBASE_CONFIG":"{\"projectId\":\"junction2025-21668\",\"storageBucket\":\"junction2025-21668.firebasestorage.app\"}","GCLOUD_PROJECT":"junction2025-21668","EVENTARC_CLOUD_EVENT_SOURCE":"projects/junction2025-21668/locations/us-central1/services/sendPushNotification","FUNCTION_TARGET":"sendPushNotification","LOG_EXECUTION_ID":"true"},"maxInstanceCount":10,"ingressSettings":"ALLOW_ALL","uri":"https://sendpushnotification-3avmwyjhaq-uc.a.run.app","serviceAccountEmail":"468178422020-compute@developer.gserviceaccount.com","availableMemory":"256Mi","allTrafficOnLatestRevision":true,"revision":"sendpushnotification-00004-lom","maxInstanceRequestConcurrency":80,"availableCpu":"1"},"state":"ACTIVE","updateTime":"2025-11-16T00:43:04.480986106Z","labels":{"firebase-functions-hash":"e876cbe998d70f73141bdac482533d9861a616e1","deployment-tool":"cli-firebase"},"environment":"GEN_2","url":"https://us-central1-junction2025-21668.cloudfunctions.net/sendPushNotification","createTime":"2025-11-16T00:27:01.060212944Z","satisfiesPzi":true}]}
[info] i  functions: ensuring required API run.googleapis.com is enabled... 
[info] i  functions: ensuring required API eventarc.googleapis.com is enabled... 
[info] i  functions: ensuring required API pubsub.googleapis.com is enabled... 
[info] i  functions: ensuring required API storage.googleapis.com is enabled... 
[info] i  functions: generating the service identity for pubsub.googleapis.com... 
[debug] [2025-11-16T00:57:44.451Z] Checked if tokens are valid: true, expires at: 1763257347699
[debug] [2025-11-16T00:57:44.451Z] Checked if tokens are valid: true, expires at: 1763257347699
[info] i  functions: generating the service identity for eventarc.googleapis.com... 
[debug] [2025-11-16T00:57:44.451Z] Checked if tokens are valid: true, expires at: 1763257347699
[debug] [2025-11-16T00:57:44.451Z] Checked if tokens are valid: true, expires at: 1763257347699
[debug] [2025-11-16T00:57:44.452Z] >>> [apiv2][query] POST https://serviceusage.googleapis.com/v1beta1/projects/468178422020/services/pubsub.googleapis.com:generateServiceIdentity [none]
[debug] [2025-11-16T00:57:44.452Z] >>> [apiv2][(partial)header] POST https://serviceusage.googleapis.com/v1beta1/projects/468178422020/services/pubsub.googleapis.com:generateServiceIdentity x-goog-quota-user=projects/468178422020
[debug] [2025-11-16T00:57:44.452Z] >>> [apiv2][body] POST https://serviceusage.googleapis.com/v1beta1/projects/468178422020/services/pubsub.googleapis.com:generateServiceIdentity {}
[debug] [2025-11-16T00:57:44.453Z] >>> [apiv2][query] POST https://serviceusage.googleapis.com/v1beta1/projects/468178422020/services/eventarc.googleapis.com:generateServiceIdentity [none]
[debug] [2025-11-16T00:57:44.453Z] >>> [apiv2][(partial)header] POST https://serviceusage.googleapis.com/v1beta1/projects/468178422020/services/eventarc.googleapis.com:generateServiceIdentity x-goog-quota-user=projects/468178422020
[debug] [2025-11-16T00:57:44.453Z] >>> [apiv2][body] POST https://serviceusage.googleapis.com/v1beta1/projects/468178422020/services/eventarc.googleapis.com:generateServiceIdentity {}
[debug] [2025-11-16T00:57:44.924Z] <<< [apiv2][status] POST https://serviceusage.googleapis.com/v1beta1/projects/468178422020/services/pubsub.googleapis.com:generateServiceIdentity 200
[debug] [2025-11-16T00:57:44.925Z] <<< [apiv2][body] POST https://serviceusage.googleapis.com/v1beta1/projects/468178422020/services/pubsub.googleapis.com:generateServiceIdentity {"name":"operations/finished.DONE_OPERATION","done":true,"response":{"@type":"type.googleapis.com/google.api.serviceusage.v1beta1.ServiceIdentity","email":"service-468178422020@gcp-sa-pubsub.iam.gserviceaccount.com","uniqueId":"104668845631985059718"}}
[debug] [2025-11-16T00:57:45.424Z] <<< [apiv2][status] POST https://serviceusage.googleapis.com/v1beta1/projects/468178422020/services/eventarc.googleapis.com:generateServiceIdentity 200
[debug] [2025-11-16T00:57:45.425Z] <<< [apiv2][body] POST https://serviceusage.googleapis.com/v1beta1/projects/468178422020/services/eventarc.googleapis.com:generateServiceIdentity {"name":"operations/finished.DONE_OPERATION","done":true,"response":{"@type":"type.googleapis.com/google.api.serviceusage.v1beta1.ServiceIdentity","email":"service-468178422020@gcp-sa-eventarc.iam.gserviceaccount.com","uniqueId":"110953642078769740690"}}
[debug] [2025-11-16T00:57:45.429Z] Checked if tokens are valid: true, expires at: 1763257347699
[debug] [2025-11-16T00:57:45.429Z] Checked if tokens are valid: true, expires at: 1763257347699
[debug] [2025-11-16T00:57:45.429Z] >>> [apiv2][query] GET https://cloudresourcemanager.googleapis.com/v1/projects/junction2025-21668 [none]
[debug] [2025-11-16T00:57:45.622Z] <<< [apiv2][status] GET https://cloudresourcemanager.googleapis.com/v1/projects/junction2025-21668 200
[debug] [2025-11-16T00:57:45.622Z] <<< [apiv2][body] GET https://cloudresourcemanager.googleapis.com/v1/projects/junction2025-21668 {"projectNumber":"468178422020","projectId":"junction2025-21668","lifecycleState":"ACTIVE","name":"junction2025","labels":{"firebase":"enabled","firebase-core":"disabled"},"createTime":"2025-11-14T15:37:05.885874Z"}
[debug] [2025-11-16T00:57:45.623Z] Checked if tokens are valid: true, expires at: 1763257347699
[debug] [2025-11-16T00:57:45.623Z] Checked if tokens are valid: true, expires at: 1763257347699
[debug] [2025-11-16T00:57:45.623Z] >>> [apiv2][query] GET https://compute.googleapis.com/compute/v1/projects/468178422020 [none]
[debug] [2025-11-16T00:57:45.813Z] <<< [apiv2][status] GET https://compute.googleapis.com/compute/v1/projects/468178422020 403
[debug] [2025-11-16T00:57:45.813Z] <<< [apiv2][body] GET https://compute.googleapis.com/compute/v1/projects/468178422020 {"error":{"code":403,"message":"Compute Engine API has not been used in project 468178422020 before or it is disabled. Enable it by visiting https://console.developers.google.com/apis/api/compute.googleapis.com/overview?project=468178422020 then retry. If you enabled this API recently, wait a few minutes for the action to propagate to our systems and retry.","errors":[{"message":"Compute Engine API has not been used in project 468178422020 before or it is disabled. Enable it by visiting https://console.developers.google.com/apis/api/compute.googleapis.com/overview?project=468178422020 then retry. If you enabled this API recently, wait a few minutes for the action to propagate to our systems and retry.","domain":"usageLimits","reason":"accessNotConfigured","extendedHelp":"https://console.developers.google.com"}],"status":"PERMISSION_DENIED","details":[{"@type":"type.googleapis.com/google.rpc.ErrorInfo","reason":"SERVICE_DISABLED","domain":"googleapis.com","metadata":{"containerInfo":"468178422020","service":"compute.googleapis.com","serviceTitle":"Compute Engine API","activationUrl":"https://console.developers.google.com/apis/api/compute.googleapis.com/overview?project=468178422020","consumer":"projects/468178422020"}},{"@type":"type.googleapis.com/google.rpc.LocalizedMessage","locale":"en-US","message":"Compute Engine API has not been used in project 468178422020 before or it is disabled. Enable it by visiting https://console.developers.google.com/apis/api/compute.googleapis.com/overview?project=468178422020 then retry. If you enabled this API recently, wait a few minutes for the action to propagate to our systems and retry."},{"@type":"type.googleapis.com/google.rpc.Help","links":[{"description":"Google developers console API activation","url":"https://console.developers.google.com/apis/api/compute.googleapis.com/overview?project=468178422020"}]}]}}
[debug] [2025-11-16T00:57:45.815Z] unable to look up default compute service account. Falling back to 468178422020-compute@developer.gserviceaccount.com. Error: {"name":"FirebaseError","children":[],"context":{"body":{"error":{"code":403,"message":"Compute Engine API has not been used in project 468178422020 before or it is disabled. Enable it by visiting https://console.developers.google.com/apis/api/compute.googleapis.com/overview?project=468178422020 then retry. If you enabled this API recently, wait a few minutes for the action to propagate to our systems and retry.","errors":[{"message":"Compute Engine API has not been used in project 468178422020 before or it is disabled. Enable it by visiting https://console.developers.google.com/apis/api/compute.googleapis.com/overview?project=468178422020 then retry. If you enabled this API recently, wait a few minutes for the action to propagate to our systems and retry.","domain":"usageLimits","reason":"accessNotConfigured","extendedHelp":"https://console.developers.google.com"}],"status":"PERMISSION_DENIED","details":[{"@type":"type.googleapis.com/google.rpc.ErrorInfo","reason":"SERVICE_DISABLED","domain":"googleapis.com","metadata":{"containerInfo":"468178422020","service":"compute.googleapis.com","serviceTitle":"Compute Engine API","activationUrl":"https://console.developers.google.com/apis/api/compute.googleapis.com/overview?project=468178422020","consumer":"projects/468178422020"}},{"@type":"type.googleapis.com/google.rpc.LocalizedMessage","locale":"en-US","message":"Compute Engine API has not been used in project 468178422020 before or it is disabled. Enable it by visiting https://console.developers.google.com/apis/api/compute.googleapis.com/overview?project=468178422020 then retry. If you enabled this API recently, wait a few minutes for the action to propagate to our systems and retry."},{"@type":"type.googleapis.com/google.rpc.Help","links":[{"description":"Google developers console API activation","url":"https://console.developers.google.com/apis/api/compute.googleapis.com/overview?project=468178422020"}]}]}},"response":{"statusCode":403}},"exit":1,"message":"Request to https://compute.googleapis.com/compute/v1/projects/468178422020 had HTTP Error: 403, Compute Engine API has not been used in project 468178422020 before or it is disabled. Enable it by visiting https://console.developers.google.com/apis/api/compute.googleapis.com/overview?project=468178422020 then retry. If you enabled this API recently, wait a few minutes for the action to propagate to our systems and retry.","status":403}
[debug] [2025-11-16T00:57:45.816Z] Checked if tokens are valid: true, expires at: 1763257347699
[debug] [2025-11-16T00:57:45.816Z] Checked if tokens are valid: true, expires at: 1763257347699
[debug] [2025-11-16T00:57:45.816Z] >>> [apiv2][query] GET https://cloudbilling.googleapis.com/v1/projects/junction2025-21668/billingInfo [none]
[debug] [2025-11-16T00:57:46.638Z] <<< [apiv2][status] GET https://cloudbilling.googleapis.com/v1/projects/junction2025-21668/billingInfo 200
[debug] [2025-11-16T00:57:46.638Z] <<< [apiv2][body] GET https://cloudbilling.googleapis.com/v1/projects/junction2025-21668/billingInfo {"name":"projects/junction2025-21668/billingInfo","projectId":"junction2025-21668","billingAccountName":"billingAccounts/0103D1-673C89-2E0510","billingEnabled":true}
[debug] [2025-11-16T00:57:46.641Z] Checked if tokens are valid: true, expires at: 1763257347699
[debug] [2025-11-16T00:57:46.641Z] Checked if tokens are valid: true, expires at: 1763257347699
[debug] [2025-11-16T00:57:46.641Z] >>> [apiv2][query] POST https://cloudfunctions.googleapis.com/v2/projects/junction2025-21668/locations/us-central1/functions:generateUploadUrl [none]
[debug] [2025-11-16T00:57:47.525Z] <<< [apiv2][status] POST https://cloudfunctions.googleapis.com/v2/projects/junction2025-21668/locations/us-central1/functions:generateUploadUrl 200
[debug] [2025-11-16T00:57:47.526Z] <<< [apiv2][body] POST https://cloudfunctions.googleapis.com/v2/projects/junction2025-21668/locations/us-central1/functions:generateUploadUrl {"uploadUrl":"https://storage.googleapis.com/gcf-v2-uploads-468178422020.us-central1.cloudfunctions.appspot.com/dfd09d10-bd10-46eb-b6fc-17528df50f5d.zip?GoogleAccessId=service-468178422020@gcf-admin-robot.iam.gserviceaccount.com&Expires=1763256467&Signature=O5UpzueC3gw8Sg3%2BLNBhOM0ocgF7JXyPUKM9tfGoCzDdPS8agzTNVv65nfWjPvCJS0rlJflH4ijFPvMDPRqgxnxrEzkmQGzCOwR3rwWYr7i5KjqEMYASjq0T%2FazGqFgljUOVeCEgyQeITO0FCQOmVM2i%2F49JcztK4QbHGapTDuEa6SW8KZ%2F9%2B6Er1Z7sa8fwrxY96KUvWPhMIcUfxQaxtdNNG91tqycuohhV048BAhBVjoGO0AMt09cTvr9jXL%2BG7n16YNumzxS4Ae6mtn1%2FfMKRyD8wMOPoZGOxBx9%2FI3ZS5LdI5LFfztA9UEuks3KNnvg%2Fxfi1HGAF%2BSWsjdP07g%3D%3D","storageSource":{"bucket":"gcf-v2-uploads-468178422020.us-central1.cloudfunctions.appspot.com","object":"dfd09d10-bd10-46eb-b6fc-17528df50f5d.zip"}}
[debug] [2025-11-16T00:57:47.528Z] >>> [apiv2][query] PUT https://storage.googleapis.com/gcf-v2-uploads-468178422020.us-central1.cloudfunctions.appspot.com/dfd09d10-bd10-46eb-b6fc-17528df50f5d.zip GoogleAccessId=service-468178422020%40gcf-admin-robot.iam.gserviceaccount.com&Expires=1763256467&Signature=O5UpzueC3gw8Sg3%2BLNBhOM0ocgF7JXyPUKM9tfGoCzDdPS8agzTNVv65nfWjPvCJS0rlJflH4ijFPvMDPRqgxnxrEzkmQGzCOwR3rwWYr7i5KjqEMYASjq0T%2FazGqFgljUOVeCEgyQeITO0FCQOmVM2i%2F49JcztK4QbHGapTDuEa6SW8KZ%2F9%2B6Er1Z7sa8fwrxY96KUvWPhMIcUfxQaxtdNNG91tqycuohhV048BAhBVjoGO0AMt09cTvr9jXL%2BG7n16YNumzxS4Ae6mtn1%2FfMKRyD8wMOPoZGOxBx9%2FI3ZS5LdI5LFfztA9UEuks3KNnvg%2Fxfi1HGAF%2BSWsjdP07g%3D%3D
[debug] [2025-11-16T00:57:47.528Z] >>> [apiv2][body] PUT https://storage.googleapis.com/gcf-v2-uploads-468178422020.us-central1.cloudfunctions.appspot.com/dfd09d10-bd10-46eb-b6fc-17528df50f5d.zip [stream]
[debug] [2025-11-16T00:57:48.058Z] <<< [apiv2][status] PUT https://storage.googleapis.com/gcf-v2-uploads-468178422020.us-central1.cloudfunctions.appspot.com/dfd09d10-bd10-46eb-b6fc-17528df50f5d.zip 200
[debug] [2025-11-16T00:57:48.059Z] <<< [apiv2][body] PUT https://storage.googleapis.com/gcf-v2-uploads-468178422020.us-central1.cloudfunctions.appspot.com/dfd09d10-bd10-46eb-b6fc-17528df50f5d.zip [omitted]
[info] ✔  functions: functions source uploaded successfully 
[info] i  functions: updating Node.js 22 (2nd Gen) function tools(us-central1)... 
[debug] [2025-11-16T00:57:48.067Z] Checked if tokens are valid: true, expires at: 1763257347699
[debug] [2025-11-16T00:57:48.067Z] Checked if tokens are valid: true, expires at: 1763257347699
[debug] [2025-11-16T00:57:48.068Z] >>> [apiv2][query] PATCH https://cloudfunctions.googleapis.com/v2/projects/junction2025-21668/locations/us-central1/functions/tools updateMask=name%2CbuildConfig.runtime%2CbuildConfig.entryPoint%2CbuildConfig.source.storageSource.bucket%2CbuildConfig.source.storageSource.object%2CbuildConfig.environmentVariables%2CbuildConfig.sourceToken%2CserviceConfig.environmentVariables%2CserviceConfig.ingressSettings%2CserviceConfig.timeoutSeconds%2CserviceConfig.serviceAccountEmail%2CserviceConfig.availableMemory%2CserviceConfig.minInstanceCount%2CserviceConfig.maxInstanceCount%2CserviceConfig.maxInstanceRequestConcurrency%2CserviceConfig.availableCpu%2CserviceConfig.vpcConnector%2CserviceConfig.vpcConnectorEgressSettings%2Clabels
[debug] [2025-11-16T00:57:48.068Z] >>> [apiv2][body] PATCH https://cloudfunctions.googleapis.com/v2/projects/junction2025-21668/locations/us-central1/functions/tools {"name":"projects/junction2025-21668/locations/us-central1/functions/tools","buildConfig":{"runtime":"nodejs22","entryPoint":"tools","source":{"storageSource":{"bucket":"gcf-v2-uploads-468178422020.us-central1.cloudfunctions.appspot.com","object":"dfd09d10-bd10-46eb-b6fc-17528df50f5d.zip"}},"environmentVariables":{"GOOGLE_NODE_RUN_SCRIPTS":""}},"serviceConfig":{"environmentVariables":{"VAPI_API_KEY":"451ccb84-fcc2-424b-b64e-dc2ccf12c63b","GOOGLE_MAPS_KEY":"AIzaSyA1C57lsmhhDgcLSh-q8qVjr9X0UwhT2-Q","GOOGLE_GEMINI_KEY":"AIzaSyAwt9mYo6mCtW1TmRYLG9aYstT1Qicv5VE","FIREBASE_CONFIG":"{\"projectId\":\"junction2025-21668\",\"storageBucket\":\"junction2025-21668.firebasestorage.app\"}","GCLOUD_PROJECT":"junction2025-21668","EVENTARC_CLOUD_EVENT_SOURCE":"projects/junction2025-21668/locations/us-central1/services/tools","FUNCTION_TARGET":"tools","LOG_EXECUTION_ID":"true"},"ingressSettings":null,"timeoutSeconds":null,"serviceAccountEmail":null,"availableMemory":"256Mi","minInstanceCount":null,"maxInstanceCount":10,"maxInstanceRequestConcurrency":80,"availableCpu":"1","vpcConnector":null,"vpcConnectorEgressSettings":null},"labels":{"deployment-tool":"cli-firebase","firebase-functions-hash":"46e838b029b51263811cae2db7087383c9e2da9c"}}
[debug] [2025-11-16T00:57:49.659Z] <<< [apiv2][status] PATCH https://cloudfunctions.googleapis.com/v2/projects/junction2025-21668/locations/us-central1/functions/tools 200
[debug] [2025-11-16T00:57:49.659Z] <<< [apiv2][body] PATCH https://cloudfunctions.googleapis.com/v2/projects/junction2025-21668/locations/us-central1/functions/tools {"name":"projects/junction2025-21668/locations/us-central1/operations/operation-1763254668884-643abb82ffb31-46ea71fc-9fc7faba","metadata":{"@type":"type.googleapis.com/google.cloud.functions.v2.OperationMetadata","createTime":"2025-11-16T00:57:49.643757679Z","target":"projects/junction2025-21668/locations/us-central1/functions/tools","verb":"update","cancelRequested":false,"apiVersion":"v2"},"done":false}
[debug] [2025-11-16T00:57:49.661Z] Checked if tokens are valid: true, expires at: 1763257347699
[debug] [2025-11-16T00:57:49.661Z] Checked if tokens are valid: true, expires at: 1763257347699
[debug] [2025-11-16T00:57:49.661Z] >>> [apiv2][query] GET https://cloudfunctions.googleapis.com/v2/projects/junction2025-21668/locations/us-central1/operations/operation-1763254668884-643abb82ffb31-46ea71fc-9fc7faba [none]
[debug] [2025-11-16T00:57:50.486Z] <<< [apiv2][status] GET https://cloudfunctions.googleapis.com/v2/projects/junction2025-21668/locations/us-central1/operations/operation-1763254668884-643abb82ffb31-46ea71fc-9fc7faba 200
[debug] [2025-11-16T00:57:50.486Z] <<< [apiv2][body] GET https://cloudfunctions.googleapis.com/v2/projects/junction2025-21668/locations/us-central1/operations/operation-1763254668884-643abb82ffb31-46ea71fc-9fc7faba {"name":"projects/junction2025-21668/locations/us-central1/operations/operation-1763254668884-643abb82ffb31-46ea71fc-9fc7faba","metadata":{"@type":"type.googleapis.com/google.cloud.functions.v2.OperationMetadata","createTime":"2025-11-16T00:57:49.643757679Z","target":"projects/junction2025-21668/locations/us-central1/functions/tools","verb":"update","cancelRequested":false,"apiVersion":"v2","requestResource":{"@type":"type.googleapis.com/google.cloud.functions.v2.Function","name":"projects/junction2025-21668/locations/us-central1/functions/tools","buildConfig":{"runtime":"nodejs22","entryPoint":"tools","source":{"storageSource":{"bucket":"gcf-v2-sources-468178422020-us-central1","object":"tools/function-source.zip","generation":"1763254669593402"}},"environmentVariables":{"GOOGLE_NODE_RUN_SCRIPTS":""},"dockerRepository":"projects/junction2025-21668/locations/us-central1/repositories/gcf-artifacts","sourceProvenance":{"resolvedStorageSource":{"bucket":"gcf-v2-sources-468178422020-us-central1","object":"tools/function-source.zip","generation":"1763254127496312"}},"dockerRegistry":"ARTIFACT_REGISTRY","serviceAccount":"projects/junction2025-21668/serviceAccounts/468178422020-compute@developer.gserviceaccount.com","automaticUpdatePolicy":{}},"serviceConfig":{"service":"projects/junction2025-21668/locations/us-central1/services/tools","timeoutSeconds":60,"environmentVariables":{"VAPI_API_KEY":"451ccb84-fcc2-424b-b64e-dc2ccf12c63b","GOOGLE_MAPS_KEY":"AIzaSyA1C57lsmhhDgcLSh-q8qVjr9X0UwhT2-Q","GOOGLE_GEMINI_KEY":"AIzaSyAwt9mYo6mCtW1TmRYLG9aYstT1Qicv5VE","FIREBASE_CONFIG":"{\"projectId\":\"junction2025-21668\",\"storageBucket\":\"junction2025-21668.firebasestorage.app\"}","GCLOUD_PROJECT":"junction2025-21668","EVENTARC_CLOUD_EVENT_SOURCE":"projects/junction2025-21668/locations/us-central1/services/tools","FUNCTION_TARGET":"tools","LOG_EXECUTION_ID":"true"},"maxInstanceCount":10,"ingressSettings":"ALLOW_ALL","uri":"https://tools-3avmwyjhaq-uc.a.run.app","serviceAccountEmail":"468178422020-compute@developer.gserviceaccount.com","availableMemory":"256Mi","allTrafficOnLatestRevision":true,"revision":"tools-00022-sed","maxInstanceRequestConcurrency":80,"availableCpu":"1"},"state":"ACTIVE","labels":{"deployment-tool":"cli-firebase","firebase-functions-hash":"46e838b029b51263811cae2db7087383c9e2da9c"},"environment":"GEN_2","url":"https://us-central1-junction2025-21668.cloudfunctions.net/tools","satisfiesPzi":true},"stages":[{"name":"BUILD","message":"Build in progress","state":"IN_PROGRESS","resource":"projects/468178422020/locations/us-central1/builds/7c0fa766-6182-4bb2-bf2a-cfad3b1b8f24","resourceUri":"https://console.cloud.google.com/cloud-build/builds;region=us-central1/7c0fa766-6182-4bb2-bf2a-cfad3b1b8f24?project=468178422020"},{"name":"SERVICE","state":"NOT_STARTED"}],"operationType":"UPDATE_FUNCTION","buildName":"projects/468178422020/locations/us-central1/builds/7c0fa766-6182-4bb2-bf2a-cfad3b1b8f24"},"done":false}
[debug] [2025-11-16T00:57:50.988Z] [update-default-us-central1-tools] Retrying task index 0
[debug] [2025-11-16T00:57:50.989Z] Checked if tokens are valid: true, expires at: 1763257347699
[debug] [2025-11-16T00:57:50.989Z] Checked if tokens are valid: true, expires at: 1763257347699
[debug] [2025-11-16T00:57:50.989Z] >>> [apiv2][query] GET https://cloudfunctions.googleapis.com/v2/projects/junction2025-21668/locations/us-central1/operations/operation-1763254668884-643abb82ffb31-46ea71fc-9fc7faba [none]
[debug] [2025-11-16T00:57:51.808Z] <<< [apiv2][status] GET https://cloudfunctions.googleapis.com/v2/projects/junction2025-21668/locations/us-central1/operations/operation-1763254668884-643abb82ffb31-46ea71fc-9fc7faba 200
[debug] [2025-11-16T00:57:51.808Z] <<< [apiv2][body] GET https://cloudfunctions.googleapis.com/v2/projects/junction2025-21668/locations/us-central1/operations/operation-1763254668884-643abb82ffb31-46ea71fc-9fc7faba {"name":"projects/junction2025-21668/locations/us-central1/operations/operation-1763254668884-643abb82ffb31-46ea71fc-9fc7faba","metadata":{"@type":"type.googleapis.com/google.cloud.functions.v2.OperationMetadata","createTime":"2025-11-16T00:57:49.643757679Z","target":"projects/junction2025-21668/locations/us-central1/functions/tools","verb":"update","cancelRequested":false,"apiVersion":"v2","requestResource":{"@type":"type.googleapis.com/google.cloud.functions.v2.Function","name":"projects/junction2025-21668/locations/us-central1/functions/tools","buildConfig":{"runtime":"nodejs22","entryPoint":"tools","source":{"storageSource":{"bucket":"gcf-v2-sources-468178422020-us-central1","object":"tools/function-source.zip","generation":"1763254669593402"}},"environmentVariables":{"GOOGLE_NODE_RUN_SCRIPTS":""},"dockerRepository":"projects/junction2025-21668/locations/us-central1/repositories/gcf-artifacts","sourceProvenance":{"resolvedStorageSource":{"bucket":"gcf-v2-sources-468178422020-us-central1","object":"tools/function-source.zip","generation":"1763254127496312"}},"dockerRegistry":"ARTIFACT_REGISTRY","serviceAccount":"projects/junction2025-21668/serviceAccounts/468178422020-compute@developer.gserviceaccount.com","automaticUpdatePolicy":{}},"serviceConfig":{"service":"projects/junction2025-21668/locations/us-central1/services/tools","timeoutSeconds":60,"environmentVariables":{"VAPI_API_KEY":"451ccb84-fcc2-424b-b64e-dc2ccf12c63b","GOOGLE_MAPS_KEY":"AIzaSyA1C57lsmhhDgcLSh-q8qVjr9X0UwhT2-Q","GOOGLE_GEMINI_KEY":"AIzaSyAwt9mYo6mCtW1TmRYLG9aYstT1Qicv5VE","FIREBASE_CONFIG":"{\"projectId\":\"junction2025-21668\",\"storageBucket\":\"junction2025-21668.firebasestorage.app\"}","GCLOUD_PROJECT":"junction2025-21668","EVENTARC_CLOUD_EVENT_SOURCE":"projects/junction2025-21668/locations/us-central1/services/tools","FUNCTION_TARGET":"tools","LOG_EXECUTION_ID":"true"},"maxInstanceCount":10,"ingressSettings":"ALLOW_ALL","uri":"https://tools-3avmwyjhaq-uc.a.run.app","serviceAccountEmail":"468178422020-compute@developer.gserviceaccount.com","availableMemory":"256Mi","allTrafficOnLatestRevision":true,"revision":"tools-00022-sed","maxInstanceRequestConcurrency":80,"availableCpu":"1"},"state":"ACTIVE","labels":{"deployment-tool":"cli-firebase","firebase-functions-hash":"46e838b029b51263811cae2db7087383c9e2da9c"},"environment":"GEN_2","url":"https://us-central1-junction2025-21668.cloudfunctions.net/tools","satisfiesPzi":true},"stages":[{"name":"BUILD","message":"Build in progress","state":"IN_PROGRESS","resource":"projects/468178422020/locations/us-central1/builds/7c0fa766-6182-4bb2-bf2a-cfad3b1b8f24","resourceUri":"https://console.cloud.google.com/cloud-build/builds;region=us-central1/7c0fa766-6182-4bb2-bf2a-cfad3b1b8f24?project=468178422020"},{"name":"SERVICE","state":"NOT_STARTED"}],"operationType":"UPDATE_FUNCTION","buildName":"projects/468178422020/locations/us-central1/builds/7c0fa766-6182-4bb2-bf2a-cfad3b1b8f24"},"done":false}
[debug] [2025-11-16T00:57:52.810Z] [update-default-us-central1-tools] Retrying task index 0
[debug] [2025-11-16T00:57:52.810Z] Checked if tokens are valid: true, expires at: 1763257347699
[debug] [2025-11-16T00:57:52.811Z] Checked if tokens are valid: true, expires at: 1763257347699
[debug] [2025-11-16T00:57:52.811Z] >>> [apiv2][query] GET https://cloudfunctions.googleapis.com/v2/projects/junction2025-21668/locations/us-central1/operations/operation-1763254668884-643abb82ffb31-46ea71fc-9fc7faba [none]
[debug] [2025-11-16T00:57:53.692Z] <<< [apiv2][status] GET https://cloudfunctions.googleapis.com/v2/projects/junction2025-21668/locations/us-central1/operations/operation-1763254668884-643abb82ffb31-46ea71fc-9fc7faba 200
[debug] [2025-11-16T00:57:53.693Z] <<< [apiv2][body] GET https://cloudfunctions.googleapis.com/v2/projects/junction2025-21668/locations/us-central1/operations/operation-1763254668884-643abb82ffb31-46ea71fc-9fc7faba {"name":"projects/junction2025-21668/locations/us-central1/operations/operation-1763254668884-643abb82ffb31-46ea71fc-9fc7faba","metadata":{"@type":"type.googleapis.com/google.cloud.functions.v2.OperationMetadata","createTime":"2025-11-16T00:57:49.643757679Z","target":"projects/junction2025-21668/locations/us-central1/functions/tools","verb":"update","cancelRequested":false,"apiVersion":"v2","requestResource":{"@type":"type.googleapis.com/google.cloud.functions.v2.Function","name":"projects/junction2025-21668/locations/us-central1/functions/tools","buildConfig":{"runtime":"nodejs22","entryPoint":"tools","source":{"storageSource":{"bucket":"gcf-v2-sources-468178422020-us-central1","object":"tools/function-source.zip","generation":"1763254669593402"}},"environmentVariables":{"GOOGLE_NODE_RUN_SCRIPTS":""},"dockerRepository":"projects/junction2025-21668/locations/us-central1/repositories/gcf-artifacts","sourceProvenance":{"resolvedStorageSource":{"bucket":"gcf-v2-sources-468178422020-us-central1","object":"tools/function-source.zip","generation":"1763254127496312"}},"dockerRegistry":"ARTIFACT_REGISTRY","serviceAccount":"projects/junction2025-21668/serviceAccounts/468178422020-compute@developer.gserviceaccount.com","automaticUpdatePolicy":{}},"serviceConfig":{"service":"projects/junction2025-21668/locations/us-central1/services/tools","timeoutSeconds":60,"environmentVariables":{"VAPI_API_KEY":"451ccb84-fcc2-424b-b64e-dc2ccf12c63b","GOOGLE_MAPS_KEY":"AIzaSyA1C57lsmhhDgcLSh-q8qVjr9X0UwhT2-Q","GOOGLE_GEMINI_KEY":"AIzaSyAwt9mYo6mCtW1TmRYLG9aYstT1Qicv5VE","FIREBASE_CONFIG":"{\"projectId\":\"junction2025-21668\",\"storageBucket\":\"junction2025-21668.firebasestorage.app\"}","GCLOUD_PROJECT":"junction2025-21668","EVENTARC_CLOUD_EVENT_SOURCE":"projects/junction2025-21668/locations/us-central1/services/tools","FUNCTION_TARGET":"tools","LOG_EXECUTION_ID":"true"},"maxInstanceCount":10,"ingressSettings":"ALLOW_ALL","uri":"https://tools-3avmwyjhaq-uc.a.run.app","serviceAccountEmail":"468178422020-compute@developer.gserviceaccount.com","availableMemory":"256Mi","allTrafficOnLatestRevision":true,"revision":"tools-00022-sed","maxInstanceRequestConcurrency":80,"availableCpu":"1"},"state":"ACTIVE","labels":{"deployment-tool":"cli-firebase","firebase-functions-hash":"46e838b029b51263811cae2db7087383c9e2da9c"},"environment":"GEN_2","url":"https://us-central1-junction2025-21668.cloudfunctions.net/tools","satisfiesPzi":true},"stages":[{"name":"BUILD","message":"Build in progress","state":"IN_PROGRESS","resource":"projects/468178422020/locations/us-central1/builds/7c0fa766-6182-4bb2-bf2a-cfad3b1b8f24","resourceUri":"https://console.cloud.google.com/cloud-build/builds;region=us-central1/7c0fa766-6182-4bb2-bf2a-cfad3b1b8f24?project=468178422020"},{"name":"SERVICE","state":"NOT_STARTED"}],"operationType":"UPDATE_FUNCTION","buildName":"projects/468178422020/locations/us-central1/builds/7c0fa766-6182-4bb2-bf2a-cfad3b1b8f24"},"done":false}
[debug] [2025-11-16T00:57:55.694Z] [update-default-us-central1-tools] Retrying task index 0
[debug] [2025-11-16T00:57:55.694Z] Checked if tokens are valid: true, expires at: 1763257347699
[debug] [2025-11-16T00:57:55.695Z] Checked if tokens are valid: true, expires at: 1763257347699
[debug] [2025-11-16T00:57:55.695Z] >>> [apiv2][query] GET https://cloudfunctions.googleapis.com/v2/projects/junction2025-21668/locations/us-central1/operations/operation-1763254668884-643abb82ffb31-46ea71fc-9fc7faba [none]
[debug] [2025-11-16T00:57:55.851Z] <<< [apiv2][status] GET https://cloudfunctions.googleapis.com/v2/projects/junction2025-21668/locations/us-central1/operations/operation-1763254668884-643abb82ffb31-46ea71fc-9fc7faba 200
[debug] [2025-11-16T00:57:55.852Z] <<< [apiv2][body] GET https://cloudfunctions.googleapis.com/v2/projects/junction2025-21668/locations/us-central1/operations/operation-1763254668884-643abb82ffb31-46ea71fc-9fc7faba {"name":"projects/junction2025-21668/locations/us-central1/operations/operation-1763254668884-643abb82ffb31-46ea71fc-9fc7faba","metadata":{"@type":"type.googleapis.com/google.cloud.functions.v2.OperationMetadata","createTime":"2025-11-16T00:57:49.643757679Z","target":"projects/junction2025-21668/locations/us-central1/functions/tools","verb":"update","cancelRequested":false,"apiVersion":"v2","requestResource":{"@type":"type.googleapis.com/google.cloud.functions.v2.Function","name":"projects/junction2025-21668/locations/us-central1/functions/tools","buildConfig":{"runtime":"nodejs22","entryPoint":"tools","source":{"storageSource":{"bucket":"gcf-v2-sources-468178422020-us-central1","object":"tools/function-source.zip","generation":"1763254669593402"}},"environmentVariables":{"GOOGLE_NODE_RUN_SCRIPTS":""},"dockerRepository":"projects/junction2025-21668/locations/us-central1/repositories/gcf-artifacts","sourceProvenance":{"resolvedStorageSource":{"bucket":"gcf-v2-sources-468178422020-us-central1","object":"tools/function-source.zip","generation":"1763254127496312"}},"dockerRegistry":"ARTIFACT_REGISTRY","serviceAccount":"projects/junction2025-21668/serviceAccounts/468178422020-compute@developer.gserviceaccount.com","automaticUpdatePolicy":{}},"serviceConfig":{"service":"projects/junction2025-21668/locations/us-central1/services/tools","timeoutSeconds":60,"environmentVariables":{"VAPI_API_KEY":"451ccb84-fcc2-424b-b64e-dc2ccf12c63b","GOOGLE_MAPS_KEY":"AIzaSyA1C57lsmhhDgcLSh-q8qVjr9X0UwhT2-Q","GOOGLE_GEMINI_KEY":"AIzaSyAwt9mYo6mCtW1TmRYLG9aYstT1Qicv5VE","FIREBASE_CONFIG":"{\"projectId\":\"junction2025-21668\",\"storageBucket\":\"junction2025-21668.firebasestorage.app\"}","GCLOUD_PROJECT":"junction2025-21668","EVENTARC_CLOUD_EVENT_SOURCE":"projects/junction2025-21668/locations/us-central1/services/tools","FUNCTION_TARGET":"tools","LOG_EXECUTION_ID":"true"},"maxInstanceCount":10,"ingressSettings":"ALLOW_ALL","uri":"https://tools-3avmwyjhaq-uc.a.run.app","serviceAccountEmail":"468178422020-compute@developer.gserviceaccount.com","availableMemory":"256Mi","allTrafficOnLatestRevision":true,"revision":"tools-00022-sed","maxInstanceRequestConcurrency":80,"availableCpu":"1"},"state":"ACTIVE","labels":{"deployment-tool":"cli-firebase","firebase-functions-hash":"46e838b029b51263811cae2db7087383c9e2da9c"},"environment":"GEN_2","url":"https://us-central1-junction2025-21668.cloudfunctions.net/tools","satisfiesPzi":true},"stages":[{"name":"BUILD","message":"Build in progress","state":"IN_PROGRESS","resource":"projects/468178422020/locations/us-central1/builds/7c0fa766-6182-4bb2-bf2a-cfad3b1b8f24","resourceUri":"https://console.cloud.google.com/cloud-build/builds;region=us-central1/7c0fa766-6182-4bb2-bf2a-cfad3b1b8f24?project=468178422020"},{"name":"SERVICE","state":"NOT_STARTED"}],"operationType":"UPDATE_FUNCTION","buildName":"projects/468178422020/locations/us-central1/builds/7c0fa766-6182-4bb2-bf2a-cfad3b1b8f24"},"done":false}
[debug] [2025-11-16T00:57:59.854Z] [update-default-us-central1-tools] Retrying task index 0
[debug] [2025-11-16T00:57:59.854Z] Checked if tokens are valid: true, expires at: 1763257347699
[debug] [2025-11-16T00:57:59.854Z] Checked if tokens are valid: true, expires at: 1763257347699
[debug] [2025-11-16T00:57:59.855Z] >>> [apiv2][query] GET https://cloudfunctions.googleapis.com/v2/projects/junction2025-21668/locations/us-central1/operations/operation-1763254668884-643abb82ffb31-46ea71fc-9fc7faba [none]
[debug] [2025-11-16T00:58:00.666Z] <<< [apiv2][status] GET https://cloudfunctions.googleapis.com/v2/projects/junction2025-21668/locations/us-central1/operations/operation-1763254668884-643abb82ffb31-46ea71fc-9fc7faba 200
[debug] [2025-11-16T00:58:00.666Z] <<< [apiv2][body] GET https://cloudfunctions.googleapis.com/v2/projects/junction2025-21668/locations/us-central1/operations/operation-1763254668884-643abb82ffb31-46ea71fc-9fc7faba {"name":"projects/junction2025-21668/locations/us-central1/operations/operation-1763254668884-643abb82ffb31-46ea71fc-9fc7faba","metadata":{"@type":"type.googleapis.com/google.cloud.functions.v2.OperationMetadata","createTime":"2025-11-16T00:57:49.643757679Z","target":"projects/junction2025-21668/locations/us-central1/functions/tools","verb":"update","cancelRequested":false,"apiVersion":"v2","requestResource":{"@type":"type.googleapis.com/google.cloud.functions.v2.Function","name":"projects/junction2025-21668/locations/us-central1/functions/tools","buildConfig":{"runtime":"nodejs22","entryPoint":"tools","source":{"storageSource":{"bucket":"gcf-v2-sources-468178422020-us-central1","object":"tools/function-source.zip","generation":"1763254669593402"}},"environmentVariables":{"GOOGLE_NODE_RUN_SCRIPTS":""},"dockerRepository":"projects/junction2025-21668/locations/us-central1/repositories/gcf-artifacts","sourceProvenance":{"resolvedStorageSource":{"bucket":"gcf-v2-sources-468178422020-us-central1","object":"tools/function-source.zip","generation":"1763254127496312"}},"dockerRegistry":"ARTIFACT_REGISTRY","serviceAccount":"projects/junction2025-21668/serviceAccounts/468178422020-compute@developer.gserviceaccount.com","automaticUpdatePolicy":{}},"serviceConfig":{"service":"projects/junction2025-21668/locations/us-central1/services/tools","timeoutSeconds":60,"environmentVariables":{"VAPI_API_KEY":"451ccb84-fcc2-424b-b64e-dc2ccf12c63b","GOOGLE_MAPS_KEY":"AIzaSyA1C57lsmhhDgcLSh-q8qVjr9X0UwhT2-Q","GOOGLE_GEMINI_KEY":"AIzaSyAwt9mYo6mCtW1TmRYLG9aYstT1Qicv5VE","FIREBASE_CONFIG":"{\"projectId\":\"junction2025-21668\",\"storageBucket\":\"junction2025-21668.firebasestorage.app\"}","GCLOUD_PROJECT":"junction2025-21668","EVENTARC_CLOUD_EVENT_SOURCE":"projects/junction2025-21668/locations/us-central1/services/tools","FUNCTION_TARGET":"tools","LOG_EXECUTION_ID":"true"},"maxInstanceCount":10,"ingressSettings":"ALLOW_ALL","uri":"https://tools-3avmwyjhaq-uc.a.run.app","serviceAccountEmail":"468178422020-compute@developer.gserviceaccount.com","availableMemory":"256Mi","allTrafficOnLatestRevision":true,"revision":"tools-00022-sed","maxInstanceRequestConcurrency":80,"availableCpu":"1"},"state":"ACTIVE","labels":{"deployment-tool":"cli-firebase","firebase-functions-hash":"46e838b029b51263811cae2db7087383c9e2da9c"},"environment":"GEN_2","url":"https://us-central1-junction2025-21668.cloudfunctions.net/tools","satisfiesPzi":true},"stages":[{"name":"BUILD","message":"Build in progress","state":"IN_PROGRESS","resource":"projects/468178422020/locations/us-central1/builds/7c0fa766-6182-4bb2-bf2a-cfad3b1b8f24","resourceUri":"https://console.cloud.google.com/cloud-build/builds;region=us-central1/7c0fa766-6182-4bb2-bf2a-cfad3b1b8f24?project=468178422020"},{"name":"SERVICE","state":"NOT_STARTED"}],"operationType":"UPDATE_FUNCTION","buildName":"projects/468178422020/locations/us-central1/builds/7c0fa766-6182-4bb2-bf2a-cfad3b1b8f24"},"done":false}
[debug] [2025-11-16T00:58:08.666Z] [update-default-us-central1-tools] Retrying task index 0
[debug] [2025-11-16T00:58:08.667Z] Checked if tokens are valid: true, expires at: 1763257347699
[debug] [2025-11-16T00:58:08.667Z] Checked if tokens are valid: true, expires at: 1763257347699
[debug] [2025-11-16T00:58:08.667Z] >>> [apiv2][query] GET https://cloudfunctions.googleapis.com/v2/projects/junction2025-21668/locations/us-central1/operations/operation-1763254668884-643abb82ffb31-46ea71fc-9fc7faba [none]
[debug] [2025-11-16T00:58:09.495Z] <<< [apiv2][status] GET https://cloudfunctions.googleapis.com/v2/projects/junction2025-21668/locations/us-central1/operations/operation-1763254668884-643abb82ffb31-46ea71fc-9fc7faba 200
[debug] [2025-11-16T00:58:09.495Z] <<< [apiv2][body] GET https://cloudfunctions.googleapis.com/v2/projects/junction2025-21668/locations/us-central1/operations/operation-1763254668884-643abb82ffb31-46ea71fc-9fc7faba {"name":"projects/junction2025-21668/locations/us-central1/operations/operation-1763254668884-643abb82ffb31-46ea71fc-9fc7faba","metadata":{"@type":"type.googleapis.com/google.cloud.functions.v2.OperationMetadata","createTime":"2025-11-16T00:57:49.643757679Z","target":"projects/junction2025-21668/locations/us-central1/functions/tools","verb":"update","cancelRequested":false,"apiVersion":"v2","requestResource":{"@type":"type.googleapis.com/google.cloud.functions.v2.Function","name":"projects/junction2025-21668/locations/us-central1/functions/tools","buildConfig":{"runtime":"nodejs22","entryPoint":"tools","source":{"storageSource":{"bucket":"gcf-v2-sources-468178422020-us-central1","object":"tools/function-source.zip","generation":"1763254669593402"}},"environmentVariables":{"GOOGLE_NODE_RUN_SCRIPTS":""},"dockerRepository":"projects/junction2025-21668/locations/us-central1/repositories/gcf-artifacts","sourceProvenance":{"resolvedStorageSource":{"bucket":"gcf-v2-sources-468178422020-us-central1","object":"tools/function-source.zip","generation":"1763254127496312"}},"dockerRegistry":"ARTIFACT_REGISTRY","serviceAccount":"projects/junction2025-21668/serviceAccounts/468178422020-compute@developer.gserviceaccount.com","automaticUpdatePolicy":{}},"serviceConfig":{"service":"projects/junction2025-21668/locations/us-central1/services/tools","timeoutSeconds":60,"environmentVariables":{"VAPI_API_KEY":"451ccb84-fcc2-424b-b64e-dc2ccf12c63b","GOOGLE_MAPS_KEY":"AIzaSyA1C57lsmhhDgcLSh-q8qVjr9X0UwhT2-Q","GOOGLE_GEMINI_KEY":"AIzaSyAwt9mYo6mCtW1TmRYLG9aYstT1Qicv5VE","FIREBASE_CONFIG":"{\"projectId\":\"junction2025-21668\",\"storageBucket\":\"junction2025-21668.firebasestorage.app\"}","GCLOUD_PROJECT":"junction2025-21668","EVENTARC_CLOUD_EVENT_SOURCE":"projects/junction2025-21668/locations/us-central1/services/tools","FUNCTION_TARGET":"tools","LOG_EXECUTION_ID":"true"},"maxInstanceCount":10,"ingressSettings":"ALLOW_ALL","uri":"https://tools-3avmwyjhaq-uc.a.run.app","serviceAccountEmail":"468178422020-compute@developer.gserviceaccount.com","availableMemory":"256Mi","allTrafficOnLatestRevision":true,"revision":"tools-00022-sed","maxInstanceRequestConcurrency":80,"availableCpu":"1"},"state":"ACTIVE","labels":{"deployment-tool":"cli-firebase","firebase-functions-hash":"46e838b029b51263811cae2db7087383c9e2da9c"},"environment":"GEN_2","url":"https://us-central1-junction2025-21668.cloudfunctions.net/tools","satisfiesPzi":true},"stages":[{"name":"BUILD","message":"Build in progress","state":"IN_PROGRESS","resource":"projects/468178422020/locations/us-central1/builds/7c0fa766-6182-4bb2-bf2a-cfad3b1b8f24","resourceUri":"https://console.cloud.google.com/cloud-build/builds;region=us-central1/7c0fa766-6182-4bb2-bf2a-cfad3b1b8f24?project=468178422020"},{"name":"SERVICE","state":"NOT_STARTED"}],"operationType":"UPDATE_FUNCTION","buildName":"projects/468178422020/locations/us-central1/builds/7c0fa766-6182-4bb2-bf2a-cfad3b1b8f24"},"done":false}
[debug] [2025-11-16T00:58:19.497Z] [update-default-us-central1-tools] Retrying task index 0
[debug] [2025-11-16T00:58:19.498Z] Checked if tokens are valid: true, expires at: 1763257347699
[debug] [2025-11-16T00:58:19.499Z] Checked if tokens are valid: true, expires at: 1763257347699
[debug] [2025-11-16T00:58:19.499Z] >>> [apiv2][query] GET https://cloudfunctions.googleapis.com/v2/projects/junction2025-21668/locations/us-central1/operations/operation-1763254668884-643abb82ffb31-46ea71fc-9fc7faba [none]
[debug] [2025-11-16T00:58:20.335Z] <<< [apiv2][status] GET https://cloudfunctions.googleapis.com/v2/projects/junction2025-21668/locations/us-central1/operations/operation-1763254668884-643abb82ffb31-46ea71fc-9fc7faba 200
[debug] [2025-11-16T00:58:20.336Z] <<< [apiv2][body] GET https://cloudfunctions.googleapis.com/v2/projects/junction2025-21668/locations/us-central1/operations/operation-1763254668884-643abb82ffb31-46ea71fc-9fc7faba {"name":"projects/junction2025-21668/locations/us-central1/operations/operation-1763254668884-643abb82ffb31-46ea71fc-9fc7faba","metadata":{"@type":"type.googleapis.com/google.cloud.functions.v2.OperationMetadata","createTime":"2025-11-16T00:57:49.643757679Z","target":"projects/junction2025-21668/locations/us-central1/functions/tools","verb":"update","cancelRequested":false,"apiVersion":"v2","requestResource":{"@type":"type.googleapis.com/google.cloud.functions.v2.Function","name":"projects/junction2025-21668/locations/us-central1/functions/tools","buildConfig":{"runtime":"nodejs22","entryPoint":"tools","source":{"storageSource":{"bucket":"gcf-v2-sources-468178422020-us-central1","object":"tools/function-source.zip","generation":"1763254669593402"}},"environmentVariables":{"GOOGLE_NODE_RUN_SCRIPTS":""},"dockerRepository":"projects/junction2025-21668/locations/us-central1/repositories/gcf-artifacts","sourceProvenance":{"resolvedStorageSource":{"bucket":"gcf-v2-sources-468178422020-us-central1","object":"tools/function-source.zip","generation":"1763254127496312"}},"dockerRegistry":"ARTIFACT_REGISTRY","serviceAccount":"projects/junction2025-21668/serviceAccounts/468178422020-compute@developer.gserviceaccount.com","automaticUpdatePolicy":{}},"serviceConfig":{"service":"projects/junction2025-21668/locations/us-central1/services/tools","timeoutSeconds":60,"environmentVariables":{"VAPI_API_KEY":"451ccb84-fcc2-424b-b64e-dc2ccf12c63b","GOOGLE_MAPS_KEY":"AIzaSyA1C57lsmhhDgcLSh-q8qVjr9X0UwhT2-Q","GOOGLE_GEMINI_KEY":"AIzaSyAwt9mYo6mCtW1TmRYLG9aYstT1Qicv5VE","FIREBASE_CONFIG":"{\"projectId\":\"junction2025-21668\",\"storageBucket\":\"junction2025-21668.firebasestorage.app\"}","GCLOUD_PROJECT":"junction2025-21668","EVENTARC_CLOUD_EVENT_SOURCE":"projects/junction2025-21668/locations/us-central1/services/tools","FUNCTION_TARGET":"tools","LOG_EXECUTION_ID":"true"},"maxInstanceCount":10,"ingressSettings":"ALLOW_ALL","uri":"https://tools-3avmwyjhaq-uc.a.run.app","serviceAccountEmail":"468178422020-compute@developer.gserviceaccount.com","availableMemory":"256Mi","allTrafficOnLatestRevision":true,"revision":"tools-00022-sed","maxInstanceRequestConcurrency":80,"availableCpu":"1"},"state":"ACTIVE","labels":{"deployment-tool":"cli-firebase","firebase-functions-hash":"46e838b029b51263811cae2db7087383c9e2da9c"},"environment":"GEN_2","url":"https://us-central1-junction2025-21668.cloudfunctions.net/tools","satisfiesPzi":true},"stages":[{"name":"BUILD","message":"Build in progress","state":"IN_PROGRESS","resource":"projects/468178422020/locations/us-central1/builds/7c0fa766-6182-4bb2-bf2a-cfad3b1b8f24","resourceUri":"https://console.cloud.google.com/cloud-build/builds;region=us-central1/7c0fa766-6182-4bb2-bf2a-cfad3b1b8f24?project=468178422020"},{"name":"SERVICE","state":"NOT_STARTED"}],"operationType":"UPDATE_FUNCTION","buildName":"projects/468178422020/locations/us-central1/builds/7c0fa766-6182-4bb2-bf2a-cfad3b1b8f24"},"done":false}
[debug] [2025-11-16T00:58:30.337Z] [update-default-us-central1-tools] Retrying task index 0
[debug] [2025-11-16T00:58:30.337Z] Checked if tokens are valid: true, expires at: 1763257347699
[debug] [2025-11-16T00:58:30.338Z] Checked if tokens are valid: true, expires at: 1763257347699
[debug] [2025-11-16T00:58:30.338Z] >>> [apiv2][query] GET https://cloudfunctions.googleapis.com/v2/projects/junction2025-21668/locations/us-central1/operations/operation-1763254668884-643abb82ffb31-46ea71fc-9fc7faba [none]
[debug] [2025-11-16T00:58:31.322Z] <<< [apiv2][status] GET https://cloudfunctions.googleapis.com/v2/projects/junction2025-21668/locations/us-central1/operations/operation-1763254668884-643abb82ffb31-46ea71fc-9fc7faba 200
[debug] [2025-11-16T00:58:31.322Z] <<< [apiv2][body] GET https://cloudfunctions.googleapis.com/v2/projects/junction2025-21668/locations/us-central1/operations/operation-1763254668884-643abb82ffb31-46ea71fc-9fc7faba {"name":"projects/junction2025-21668/locations/us-central1/operations/operation-1763254668884-643abb82ffb31-46ea71fc-9fc7faba","metadata":{"@type":"type.googleapis.com/google.cloud.functions.v2.OperationMetadata","createTime":"2025-11-16T00:57:49.643757679Z","target":"projects/junction2025-21668/locations/us-central1/functions/tools","verb":"update","cancelRequested":false,"apiVersion":"v2","requestResource":{"@type":"type.googleapis.com/google.cloud.functions.v2.Function","name":"projects/junction2025-21668/locations/us-central1/functions/tools","buildConfig":{"runtime":"nodejs22","entryPoint":"tools","source":{"storageSource":{"bucket":"gcf-v2-sources-468178422020-us-central1","object":"tools/function-source.zip","generation":"1763254669593402"}},"environmentVariables":{"GOOGLE_NODE_RUN_SCRIPTS":""},"dockerRepository":"projects/junction2025-21668/locations/us-central1/repositories/gcf-artifacts","sourceProvenance":{"resolvedStorageSource":{"bucket":"gcf-v2-sources-468178422020-us-central1","object":"tools/function-source.zip","generation":"1763254127496312"}},"dockerRegistry":"ARTIFACT_REGISTRY","serviceAccount":"projects/junction2025-21668/serviceAccounts/468178422020-compute@developer.gserviceaccount.com","automaticUpdatePolicy":{}},"serviceConfig":{"service":"projects/junction2025-21668/locations/us-central1/services/tools","timeoutSeconds":60,"environmentVariables":{"VAPI_API_KEY":"451ccb84-fcc2-424b-b64e-dc2ccf12c63b","GOOGLE_MAPS_KEY":"AIzaSyA1C57lsmhhDgcLSh-q8qVjr9X0UwhT2-Q","GOOGLE_GEMINI_KEY":"AIzaSyAwt9mYo6mCtW1TmRYLG9aYstT1Qicv5VE","FIREBASE_CONFIG":"{\"projectId\":\"junction2025-21668\",\"storageBucket\":\"junction2025-21668.firebasestorage.app\"}","GCLOUD_PROJECT":"junction2025-21668","EVENTARC_CLOUD_EVENT_SOURCE":"projects/junction2025-21668/locations/us-central1/services/tools","FUNCTION_TARGET":"tools","LOG_EXECUTION_ID":"true"},"maxInstanceCount":10,"ingressSettings":"ALLOW_ALL","uri":"https://tools-3avmwyjhaq-uc.a.run.app","serviceAccountEmail":"468178422020-compute@developer.gserviceaccount.com","availableMemory":"256Mi","allTrafficOnLatestRevision":true,"revision":"tools-00022-sed","maxInstanceRequestConcurrency":80,"availableCpu":"1"},"state":"ACTIVE","labels":{"deployment-tool":"cli-firebase","firebase-functions-hash":"46e838b029b51263811cae2db7087383c9e2da9c"},"environment":"GEN_2","url":"https://us-central1-junction2025-21668.cloudfunctions.net/tools","satisfiesPzi":true},"stages":[{"name":"BUILD","message":"Build in progress","state":"IN_PROGRESS","resource":"projects/468178422020/locations/us-central1/builds/7c0fa766-6182-4bb2-bf2a-cfad3b1b8f24","resourceUri":"https://console.cloud.google.com/cloud-build/builds;region=us-central1/7c0fa766-6182-4bb2-bf2a-cfad3b1b8f24?project=468178422020"},{"name":"SERVICE","state":"NOT_STARTED"}],"operationType":"UPDATE_FUNCTION","buildName":"projects/468178422020/locations/us-central1/builds/7c0fa766-6182-4bb2-bf2a-cfad3b1b8f24"},"done":false}
[debug] [2025-11-16T00:58:41.324Z] [update-default-us-central1-tools] Retrying task index 0
[debug] [2025-11-16T00:58:41.326Z] Checked if tokens are valid: true, expires at: 1763257347699
[debug] [2025-11-16T00:58:41.326Z] Checked if tokens are valid: true, expires at: 1763257347699
[debug] [2025-11-16T00:58:41.326Z] >>> [apiv2][query] GET https://cloudfunctions.googleapis.com/v2/projects/junction2025-21668/locations/us-central1/operations/operation-1763254668884-643abb82ffb31-46ea71fc-9fc7faba [none]
[debug] [2025-11-16T00:58:41.663Z] <<< [apiv2][status] GET https://cloudfunctions.googleapis.com/v2/projects/junction2025-21668/locations/us-central1/operations/operation-1763254668884-643abb82ffb31-46ea71fc-9fc7faba 200
[debug] [2025-11-16T00:58:41.663Z] <<< [apiv2][body] GET https://cloudfunctions.googleapis.com/v2/projects/junction2025-21668/locations/us-central1/operations/operation-1763254668884-643abb82ffb31-46ea71fc-9fc7faba {"name":"projects/junction2025-21668/locations/us-central1/operations/operation-1763254668884-643abb82ffb31-46ea71fc-9fc7faba","metadata":{"@type":"type.googleapis.com/google.cloud.functions.v2.OperationMetadata","createTime":"2025-11-16T00:57:49.643757679Z","target":"projects/junction2025-21668/locations/us-central1/functions/tools","verb":"update","cancelRequested":false,"apiVersion":"v2","requestResource":{"@type":"type.googleapis.com/google.cloud.functions.v2.Function","name":"projects/junction2025-21668/locations/us-central1/functions/tools","buildConfig":{"runtime":"nodejs22","entryPoint":"tools","source":{"storageSource":{"bucket":"gcf-v2-sources-468178422020-us-central1","object":"tools/function-source.zip","generation":"1763254669593402"}},"environmentVariables":{"GOOGLE_NODE_RUN_SCRIPTS":""},"dockerRepository":"projects/junction2025-21668/locations/us-central1/repositories/gcf-artifacts","sourceProvenance":{"resolvedStorageSource":{"bucket":"gcf-v2-sources-468178422020-us-central1","object":"tools/function-source.zip","generation":"1763254127496312"}},"dockerRegistry":"ARTIFACT_REGISTRY","serviceAccount":"projects/junction2025-21668/serviceAccounts/468178422020-compute@developer.gserviceaccount.com","automaticUpdatePolicy":{}},"serviceConfig":{"service":"projects/junction2025-21668/locations/us-central1/services/tools","timeoutSeconds":60,"environmentVariables":{"VAPI_API_KEY":"451ccb84-fcc2-424b-b64e-dc2ccf12c63b","GOOGLE_MAPS_KEY":"AIzaSyA1C57lsmhhDgcLSh-q8qVjr9X0UwhT2-Q","GOOGLE_GEMINI_KEY":"AIzaSyAwt9mYo6mCtW1TmRYLG9aYstT1Qicv5VE","FIREBASE_CONFIG":"{\"projectId\":\"junction2025-21668\",\"storageBucket\":\"junction2025-21668.firebasestorage.app\"}","GCLOUD_PROJECT":"junction2025-21668","EVENTARC_CLOUD_EVENT_SOURCE":"projects/junction2025-21668/locations/us-central1/services/tools","FUNCTION_TARGET":"tools","LOG_EXECUTION_ID":"true"},"maxInstanceCount":10,"ingressSettings":"ALLOW_ALL","uri":"https://tools-3avmwyjhaq-uc.a.run.app","serviceAccountEmail":"468178422020-compute@developer.gserviceaccount.com","availableMemory":"256Mi","allTrafficOnLatestRevision":true,"revision":"tools-00022-sed","maxInstanceRequestConcurrency":80,"availableCpu":"1"},"state":"ACTIVE","labels":{"deployment-tool":"cli-firebase","firebase-functions-hash":"46e838b029b51263811cae2db7087383c9e2da9c"},"environment":"GEN_2","url":"https://us-central1-junction2025-21668.cloudfunctions.net/tools","satisfiesPzi":true},"stages":[{"name":"BUILD","message":"Build finished","state":"COMPLETE","resource":"projects/468178422020/locations/us-central1/builds/7c0fa766-6182-4bb2-bf2a-cfad3b1b8f24","resourceUri":"https://console.cloud.google.com/cloud-build/builds;region=us-central1/7c0fa766-6182-4bb2-bf2a-cfad3b1b8f24?project=468178422020"},{"name":"SERVICE","message":"Updating Cloud Run service","state":"IN_PROGRESS","resource":"projects/junction2025-21668/locations/us-central1/services/tools","resourceUri":"https://console.cloud.google.com/run/detail/us-central1/tools?project=junction2025-21668","stateMessages":[{"severity":"INFO","type":"CloudRunServiceNewRevisionTrafficInfo","message":"A new revision will be deployed serving with 100% traffic."}]}],"sourceToken":"Cldwcm9qZWN0cy80NjgxNzg0MjIwMjAvbG9jYXRpb25zL3VzLWNlbnRyYWwxL2J1aWxkcy83YzBmYTc2Ni02MTgyLTRiYjItYmYyYS1jZmFkM2IxYjhmMjQSbnVzLWNlbnRyYWwxLWRvY2tlci5wa2cuZGV2L2p1bmN0aW9uMjAyNS0yMTY2OC9nY2YtYXJ0aWZhY3RzL2p1bmN0aW9uMjAyNS0tMjE2NjhfX3VzLS1jZW50cmFsMV9fdG9vbHM6dmVyc2lvbl8xGISS74zQDSJBcHJvamVjdHMvanVuY3Rpb24yMDI1LTIxNjY4L2xvY2F0aW9ucy91cy1jZW50cmFsMS9mdW5jdGlvbnMvdG9vbHMqCwi/w+TIBhCo3o12Mghub2RlanMyMjp2CiNnY3IuaW8vZ2FlLXJ1bnRpbWVzL25vZGVqczIyOnN0YWJsZRJPdXMtY2VudHJhbDEtZG9ja2VyLnBrZy5kZXYvc2VydmVybGVzcy1ydW50aW1lcy9nb29nbGUtMjItZnVsbC9ydW50aW1lcy9ub2RlanMyMkAB","operationType":"UPDATE_FUNCTION","buildName":"projects/468178422020/locations/us-central1/builds/7c0fa766-6182-4bb2-bf2a-cfad3b1b8f24"},"done":false}
[debug] [2025-11-16T00:58:41.663Z] Got source token Cldwcm9qZWN0cy80NjgxNzg0MjIwMjAvbG9jYXRpb25zL3VzLWNlbnRyYWwxL2J1aWxkcy83YzBmYTc2Ni02MTgyLTRiYjItYmYyYS1jZmFkM2IxYjhmMjQSbnVzLWNlbnRyYWwxLWRvY2tlci5wa2cuZGV2L2p1bmN0aW9uMjAyNS0yMTY2OC9nY2YtYXJ0aWZhY3RzL2p1bmN0aW9uMjAyNS0tMjE2NjhfX3VzLS1jZW50cmFsMV9fdG9vbHM6dmVyc2lvbl8xGISS74zQDSJBcHJvamVjdHMvanVuY3Rpb24yMDI1LTIxNjY4L2xvY2F0aW9ucy91cy1jZW50cmFsMS9mdW5jdGlvbnMvdG9vbHMqCwi/w+TIBhCo3o12Mghub2RlanMyMjp2CiNnY3IuaW8vZ2FlLXJ1bnRpbWVzL25vZGVqczIyOnN0YWJsZRJPdXMtY2VudHJhbDEtZG9ja2VyLnBrZy5kZXYvc2VydmVybGVzcy1ydW50aW1lcy9nb29nbGUtMjItZnVsbC9ydW50aW1lcy9ub2RlanMyMkAB for region us-central1
[debug] [2025-11-16T00:58:51.665Z] [update-default-us-central1-tools] Retrying task index 0
[debug] [2025-11-16T00:58:51.667Z] Checked if tokens are valid: true, expires at: 1763257347699
[debug] [2025-11-16T00:58:51.667Z] Checked if tokens are valid: true, expires at: 1763257347699
[debug] [2025-11-16T00:58:51.668Z] >>> [apiv2][query] GET https://cloudfunctions.googleapis.com/v2/projects/junction2025-21668/locations/us-central1/operations/operation-1763254668884-643abb82ffb31-46ea71fc-9fc7faba [none]
[debug] [2025-11-16T00:58:52.519Z] <<< [apiv2][status] GET https://cloudfunctions.googleapis.com/v2/projects/junction2025-21668/locations/us-central1/operations/operation-1763254668884-643abb82ffb31-46ea71fc-9fc7faba 200
[debug] [2025-11-16T00:58:52.519Z] <<< [apiv2][body] GET https://cloudfunctions.googleapis.com/v2/projects/junction2025-21668/locations/us-central1/operations/operation-1763254668884-643abb82ffb31-46ea71fc-9fc7faba {"name":"projects/junction2025-21668/locations/us-central1/operations/operation-1763254668884-643abb82ffb31-46ea71fc-9fc7faba","metadata":{"@type":"type.googleapis.com/google.cloud.functions.v2.OperationMetadata","createTime":"2025-11-16T00:57:49.643757679Z","target":"projects/junction2025-21668/locations/us-central1/functions/tools","verb":"update","cancelRequested":false,"apiVersion":"v2","requestResource":{"@type":"type.googleapis.com/google.cloud.functions.v2.Function","name":"projects/junction2025-21668/locations/us-central1/functions/tools","buildConfig":{"runtime":"nodejs22","entryPoint":"tools","source":{"storageSource":{"bucket":"gcf-v2-sources-468178422020-us-central1","object":"tools/function-source.zip","generation":"1763254669593402"}},"environmentVariables":{"GOOGLE_NODE_RUN_SCRIPTS":""},"dockerRepository":"projects/junction2025-21668/locations/us-central1/repositories/gcf-artifacts","sourceProvenance":{"resolvedStorageSource":{"bucket":"gcf-v2-sources-468178422020-us-central1","object":"tools/function-source.zip","generation":"1763254127496312"}},"dockerRegistry":"ARTIFACT_REGISTRY","serviceAccount":"projects/junction2025-21668/serviceAccounts/468178422020-compute@developer.gserviceaccount.com","automaticUpdatePolicy":{}},"serviceConfig":{"service":"projects/junction2025-21668/locations/us-central1/services/tools","timeoutSeconds":60,"environmentVariables":{"VAPI_API_KEY":"451ccb84-fcc2-424b-b64e-dc2ccf12c63b","GOOGLE_MAPS_KEY":"AIzaSyA1C57lsmhhDgcLSh-q8qVjr9X0UwhT2-Q","GOOGLE_GEMINI_KEY":"AIzaSyAwt9mYo6mCtW1TmRYLG9aYstT1Qicv5VE","FIREBASE_CONFIG":"{\"projectId\":\"junction2025-21668\",\"storageBucket\":\"junction2025-21668.firebasestorage.app\"}","GCLOUD_PROJECT":"junction2025-21668","EVENTARC_CLOUD_EVENT_SOURCE":"projects/junction2025-21668/locations/us-central1/services/tools","FUNCTION_TARGET":"tools","LOG_EXECUTION_ID":"true"},"maxInstanceCount":10,"ingressSettings":"ALLOW_ALL","uri":"https://tools-3avmwyjhaq-uc.a.run.app","serviceAccountEmail":"468178422020-compute@developer.gserviceaccount.com","availableMemory":"256Mi","allTrafficOnLatestRevision":true,"revision":"tools-00022-sed","maxInstanceRequestConcurrency":80,"availableCpu":"1"},"state":"ACTIVE","labels":{"deployment-tool":"cli-firebase","firebase-functions-hash":"46e838b029b51263811cae2db7087383c9e2da9c"},"environment":"GEN_2","url":"https://us-central1-junction2025-21668.cloudfunctions.net/tools","satisfiesPzi":true},"stages":[{"name":"BUILD","message":"Build finished","state":"COMPLETE","resource":"projects/468178422020/locations/us-central1/builds/7c0fa766-6182-4bb2-bf2a-cfad3b1b8f24","resourceUri":"https://console.cloud.google.com/cloud-build/builds;region=us-central1/7c0fa766-6182-4bb2-bf2a-cfad3b1b8f24?project=468178422020"},{"name":"SERVICE","message":"Updating Cloud Run service","state":"IN_PROGRESS","resource":"projects/junction2025-21668/locations/us-central1/services/tools","resourceUri":"https://console.cloud.google.com/run/detail/us-central1/tools?project=junction2025-21668","stateMessages":[{"severity":"INFO","type":"CloudRunServiceNewRevisionTrafficInfo","message":"A new revision will be deployed serving with 100% traffic."}]}],"sourceToken":"Cldwcm9qZWN0cy80NjgxNzg0MjIwMjAvbG9jYXRpb25zL3VzLWNlbnRyYWwxL2J1aWxkcy83YzBmYTc2Ni02MTgyLTRiYjItYmYyYS1jZmFkM2IxYjhmMjQSbnVzLWNlbnRyYWwxLWRvY2tlci5wa2cuZGV2L2p1bmN0aW9uMjAyNS0yMTY2OC9nY2YtYXJ0aWZhY3RzL2p1bmN0aW9uMjAyNS0tMjE2NjhfX3VzLS1jZW50cmFsMV9fdG9vbHM6dmVyc2lvbl8xGISS74zQDSJBcHJvamVjdHMvanVuY3Rpb24yMDI1LTIxNjY4L2xvY2F0aW9ucy91cy1jZW50cmFsMS9mdW5jdGlvbnMvdG9vbHMqCwi/w+TIBhCo3o12Mghub2RlanMyMjp2CiNnY3IuaW8vZ2FlLXJ1bnRpbWVzL25vZGVqczIyOnN0YWJsZRJPdXMtY2VudHJhbDEtZG9ja2VyLnBrZy5kZXYvc2VydmVybGVzcy1ydW50aW1lcy9nb29nbGUtMjItZnVsbC9ydW50aW1lcy9ub2RlanMyMkAB","operationType":"UPDATE_FUNCTION","buildName":"projects/468178422020/locations/us-central1/builds/7c0fa766-6182-4bb2-bf2a-cfad3b1b8f24"},"done":false}
[debug] [2025-11-16T00:58:52.519Z] Got source token Cldwcm9qZWN0cy80NjgxNzg0MjIwMjAvbG9jYXRpb25zL3VzLWNlbnRyYWwxL2J1aWxkcy83YzBmYTc2Ni02MTgyLTRiYjItYmYyYS1jZmFkM2IxYjhmMjQSbnVzLWNlbnRyYWwxLWRvY2tlci5wa2cuZGV2L2p1bmN0aW9uMjAyNS0yMTY2OC9nY2YtYXJ0aWZhY3RzL2p1bmN0aW9uMjAyNS0tMjE2NjhfX3VzLS1jZW50cmFsMV9fdG9vbHM6dmVyc2lvbl8xGISS74zQDSJBcHJvamVjdHMvanVuY3Rpb24yMDI1LTIxNjY4L2xvY2F0aW9ucy91cy1jZW50cmFsMS9mdW5jdGlvbnMvdG9vbHMqCwi/w+TIBhCo3o12Mghub2RlanMyMjp2CiNnY3IuaW8vZ2FlLXJ1bnRpbWVzL25vZGVqczIyOnN0YWJsZRJPdXMtY2VudHJhbDEtZG9ja2VyLnBrZy5kZXYvc2VydmVybGVzcy1ydW50aW1lcy9nb29nbGUtMjItZnVsbC9ydW50aW1lcy9ub2RlanMyMkAB for region us-central1
